# UMFASSENDER BUILD-PROZESS CHECK
**Timestamp:** 2.7.2025, 19:15:15

════════════════════════════════════════════════════════════════════════════════
## 📊 ZUSAMMENFASSUNG
════════════════════════════════════════════════════════════════════════════════
**Analysierte Blogs:** 0
**Durchschnittliche Wortanzahl:** 0
**Kritische Issues:** 0
**Warnungen:** 0

════════════════════════════════════════════════════════════════════════════════
## 🌐 SITEMAP & ROBOTS STATUS
════════════════════════════════════════════════════════════════════════════════
**Sitemap aktualisiert:** Nein
**Robots.txt aktualisiert:** Nein

════════════════════════════════════════════════════════════════════════════════
## 📝 DETAILLIERTE BLOG-ANALYSE
════════════════════════════════════════════════════════════════════════════════
════════════════════════════════════════════════════════════════════════════════
## 🎯 GLOBALE EMPFEHLUNGEN
════════════════════════════════════════════════════════════════════════════════
- Sitemap.xml erstellen
- Robots.txt erstellen

════════════════════════════════════════════════════════════════════════════════
## 📋 BUILD-PROZESS STATUS
════════════════════════════════════════════════════════════════════════════════
**Build-Durchlauf:** ✅ ERFOLGREICH (niemals Abbruch bei Fehlern)
**Logging:** ✅ Vollständig in build-checks/logfiles/
**Archivierung:** ✅ Alte Logs in build-checks/logfiles/archiv/
**Performance-Impact:** Minimal - Check läuft parallel zum Build

**💡 Hinweis:** Alle Issues werden als Information protokolliert.
**Der Build-Prozess wird NIEMALS durch Fehler unterbrochen.**